# JRE version: OpenJDK Runtime Environment (8.0_222-b10) (build 1.8.0_222-b10)
# Java VM: OpenJDK 64-Bit Server VM (25.222-b10 mixed mode linux-amd64 compressed oops)
Heap:
 PSYoungGen      total 623616K, used 264046K [0x00000000d5580000, 0x00000000ffc80000, 0x0000000100000000)
  eden space 552448K, 46% used [0x00000000d5580000,0x00000000e5154788,0x00000000f7100000)
  from space 71168K, 8% used [0x00000000fb580000,0x00000000fbb871a0,0x00000000ffb00000)
  to   space 70144K, 0% used [0x00000000f7100000,0x00000000f7100000,0x00000000fb580000)
 ParOldGen       total 273920K, used 202828K [0x0000000080000000, 0x0000000090b80000, 0x00000000d5580000)
  object space 273920K, 74% used [0x0000000080000000,0x000000008c613368,0x0000000090b80000)
 Metaspace       used 173493K, capacity 185303K, committed 185560K, reserved 1210368K
  class space    used 20941K, capacity 24009K, committed 24064K, reserved 1048576K
GC Heap History (10 events):
Event: 3422.544 GC heap before
{Heap before GC invocations=60 (full 10):
 PSYoungGen      total 619008K, used 551327K [0x00000000d5580000, 0x0000000100000000, 0x0000000100000000)
  eden space 544256K, 100% used [0x00000000d5580000,0x00000000f6900000,0x00000000f6900000)
  from space 74752K, 9% used [0x00000000f6900000,0x00000000f6fe7d58,0x00000000fb200000)
  to   space 76288K, 0% used [0x00000000fb580000,0x00000000fb580000,0x0000000100000000)
 ParOldGen       total 273920K, used 193424K [0x0000000080000000, 0x0000000090b80000, 0x00000000d5580000)
  object space 273920K, 70% used [0x0000000080000000,0x000000008bce4110,0x0000000090b80000)
 Metaspace       used 173085K, capacity 184805K, committed 185048K, reserved 1210368K
  class space    used 20924K, capacity 24000K, committed 24064K, reserved 1048576K
Event: 3422.550 GC heap after
Heap after GC invocations=60 (full 10):
 PSYoungGen      total 623104K, used 10656K [0x00000000d5580000, 0x0000000100000000, 0x0000000100000000)
  eden space 546816K, 0% used [0x00000000d5580000,0x00000000d5580000,0x00000000f6b80000)
  from space 76288K, 13% used [0x00000000fb580000,0x00000000fbfe8000,0x0000000100000000)
  to   space 75776K, 0% used [0x00000000f6b80000,0x00000000f6b80000,0x00000000fb580000)
 ParOldGen       total 273920K, used 193432K [0x0000000080000000, 0x0000000090b80000, 0x00000000d5580000)
  object space 273920K, 70% used [0x0000000080000000,0x000000008bce6110,0x0000000090b80000)
 Metaspace       used 173085K, capacity 184805K, committed 185048K, reserved 1210368K
  class space    used 20924K, capacity 24000K, committed 24064K, reserved 1048576K
}
Event: 3424.081 GC heap before
{Heap before GC invocations=61 (full 10):
 PSYoungGen      total 623104K, used 557472K [0x00000000d5580000, 0x0000000100000000, 0x0000000100000000)
  eden space 546816K, 100% used [0x00000000d5580000,0x00000000f6b80000,0x00000000f6b80000)
  from space 76288K, 13% used [0x00000000fb580000,0x00000000fbfe8000,0x0000000100000000)
  to   space 75776K, 0% used [0x00000000f6b80000,0x00000000f6b80000,0x00000000fb580000)
 ParOldGen       total 273920K, used 193432K [0x0000000080000000, 0x0000000090b80000, 0x00000000d5580000)
  object space 273920K, 70% used [0x0000000080000000,0x000000008bce6110,0x0000000090b80000)
 Metaspace       used 173137K, capacity 184893K, committed 185048K, reserved 1210368K
  class space    used 20934K, capacity 24006K, committed 24064K, reserved 1048576K
Event: 3424.092 GC heap after
Heap after GC invocations=61 (full 10):
 PSYoungGen      total 560640K, used 13712K [0x00000000d5580000, 0x00000000ffd80000, 0x0000000100000000)
  eden space 546816K, 0% used [0x00000000d5580000,0x00000000d5580000,0x00000000f6b80000)
  from space 13824K, 99% used [0x00000000f6b80000,0x00000000f78e4010,0x00000000f7900000)
  to   space 74752K, 0% used [0x00000000fb480000,0x00000000fb480000,0x00000000ffd80000)
 ParOldGen       total 273920K, used 193432K [0x0000000080000000, 0x0000000090b80000, 0x00000000d5580000)
  object space 273920K, 70% used [0x0000000080000000,0x000000008bce6110,0x0000000090b80000)
 Metaspace       used 173137K, capacity 184893K, committed 185048K, reserved 1210368K
  class space    used 20934K, capacity 24006K, committed 24064K, reserved 1048576K
}
Event: 3424.559 GC heap before
{Heap before GC invocations=62 (full 10):
 PSYoungGen      total 560640K, used 560528K [0x00000000d5580000, 0x00000000ffd80000, 0x0000000100000000)
  eden space 546816K, 100% used [0x00000000d5580000,0x00000000f6b80000,0x00000000f6b80000)
  from space 13824K, 99% used [0x00000000f6b80000,0x00000000f78e4010,0x00000000f7900000)
  to   space 74752K, 0% used [0x00000000fb480000,0x00000000fb480000,0x00000000ffd80000)
 ParOldGen       total 273920K, used 193432K [0x0000000080000000, 0x0000000090b80000, 0x00000000d5580000)
  object space 273920K, 70% used [0x0000000080000000,0x000000008bce6110,0x0000000090b80000)
 Metaspace       used 173175K, capacity 184905K, committed 185048K, reserved 1210368K
  class space    used 20935K, capacity 24008K, committed 24064K, reserved 1048576K
Event: 3424.571 GC heap after
Heap after GC invocations=62 (full 10):
 PSYoungGen      total 623616K, used 14829K [0x00000000d5580000, 0x0000000100000000, 0x0000000100000000)
  eden space 548864K, 0% used [0x00000000d5580000,0x00000000d5580000,0x00000000f6d80000)
  from space 74752K, 19% used [0x00000000fb480000,0x00000000fc2fb4c8,0x00000000ffd80000)
  to   space 72704K, 0% used [0x00000000f6d80000,0x00000000f6d80000,0x00000000fb480000)
 ParOldGen       total 273920K, used 193432K [0x0000000080000000, 0x0000000090b80000, 0x00000000d5580000)
  object space 273920K, 70% used [0x0000000080000000,0x000000008bce6110,0x0000000090b80000)
 Metaspace       used 173175K, capacity 184905K, committed 185048K, reserved 1210368K
  class space    used 20935K, capacity 24008K, committed 24064K, reserved 1048576K
}
Event: 3424.992 GC heap before
{Heap before GC invocations=63 (full 10):
 PSYoungGen      total 623616K, used 563693K [0x00000000d5580000, 0x0000000100000000, 0x0000000100000000)
  eden space 548864K, 100% used [0x00000000d5580000,0x00000000f6d80000,0x00000000f6d80000)
  from space 74752K, 19% used [0x00000000fb480000,0x00000000fc2fb4c8,0x00000000ffd80000)
  to   space 72704K, 0% used [0x00000000f6d80000,0x00000000f6d80000,0x00000000fb480000)
 ParOldGen       total 273920K, used 193432K [0x0000000080000000, 0x0000000090b80000, 0x00000000d5580000)
  object space 273920K, 70% used [0x0000000080000000,0x000000008bce6110,0x0000000090b80000)
 Metaspace       used 173226K, capacity 184977K, committed 185048K, reserved 1210368K
  class space    used 20935K, capacity 24008K, committed 24064K, reserved 1048576K
Event: 3425.001 GC heap after
Heap after GC invocations=63 (full 10):
 PSYoungGen      total 621568K, used 10226K [0x00000000d5580000, 0x00000000ffb00000, 0x0000000100000000)
  eden space 548864K, 0% used [0x00000000d5580000,0x00000000d5580000,0x00000000f6d80000)
  from space 72704K, 14% used [0x00000000f6d80000,0x00000000f777c8d8,0x00000000fb480000)
  to   space 71168K, 0% used [0x00000000fb580000,0x00000000fb580000,0x00000000ffb00000)
 ParOldGen       total 273920K, used 199356K [0x0000000080000000, 0x0000000090b80000, 0x00000000d5580000)
  object space 273920K, 72% used [0x0000000080000000,0x000000008c2af348,0x0000000090b80000)
 Metaspace       used 173226K, capacity 184977K, committed 185048K, reserved 1210368K
  class space    used 20935K, capacity 24008K, committed 24064K, reserved 1048576K
}
Event: 3425.064 GC heap before
{Heap before GC invocations=64 (full 10):
 PSYoungGen      total 621568K, used 559090K [0x00000000d5580000, 0x00000000ffb00000, 0x0000000100000000)
  eden space 548864K, 100% used [0x00000000d5580000,0x00000000f6d80000,0x00000000f6d80000)
  from space 72704K, 14% used [0x00000000f6d80000,0x00000000f777c8d8,0x00000000fb480000)
  to   space 71168K, 0% used [0x00000000fb580000,0x00000000fb580000,0x00000000ffb00000)
 ParOldGen       total 273920K, used 199356K [0x0000000080000000, 0x0000000090b80000, 0x00000000d5580000)
  object space 273920K, 72% used [0x0000000080000000,0x000000008c2af348,0x0000000090b80000)
 Metaspace       used 173226K, capacity 184977K, committed 185048K, reserved 1210368K
  class space    used 20935K, capacity 24008K, committed 24064K, reserved 1048576K
Event: 3425.073 GC heap after
Heap after GC invocations=64 (full 10):
 PSYoungGen      total 623616K, used 6172K [0x00000000d5580000, 0x00000000ffc80000, 0x0000000100000000)
  eden space 552448K, 0% used [0x00000000d5580000,0x00000000d5580000,0x00000000f7100000)
  from space 71168K, 8% used [0x00000000fb580000,0x00000000fbb871a0,0x00000000ffb00000)
  to   space 70144K, 0% used [0x00000000f7100000,0x00000000f7100000,0x00000000fb580000)
 ParOldGen       total 273920K, used 202828K [0x0000000080000000, 0x0000000090b80000, 0x00000000d5580000)
  object space 273920K, 74% used [0x0000000080000000,0x000000008c613368,0x0000000090b80000)
 Metaspace       used 173226K, capacity 184977K, committed 185048K, reserved 1210368K
  class space    used 20935K, capacity 24008K, committed 24064K, reserved 1048576K
}

