# JRE version: OpenJDK Runtime Environment (8.0_222-b10) (build 1.8.0_222-b10)
# Java VM: OpenJDK 64-Bit Server VM (25.222-b10 mixed mode linux-amd64 compressed oops)
Heap:
 PSYoungGen      total 492544K, used 196122K [0x00000000d5580000, 0x00000000f9300000, 0x0000000100000000)
  eden space 455168K, 40% used [0x00000000d5580000,0x00000000e0ab9350,0x00000000f1200000)
  from space 37376K, 28% used [0x00000000f1200000,0x00000000f1c4d738,0x00000000f3680000)
  to   space 35840K, 0% used [0x00000000f7000000,0x00000000f7000000,0x00000000f9300000)
 ParOldGen       total 139264K, used 115930K [0x0000000080000000, 0x0000000088800000, 0x00000000d5580000)
  object space 139264K, 83% used [0x0000000080000000,0x0000000087136b48,0x0000000088800000)
 Metaspace       used 111590K, capacity 117339K, committed 117632K, reserved 1153024K
  class space    used 12002K, capacity 13576K, committed 13696K, reserved 1048576K
GC Heap History (10 events):
Event: 8155.097 GC heap before
{Heap before GC invocations=32 (full 5):
 PSYoungGen      total 410624K, used 380115K [0x00000000d5580000, 0x00000000f1c00000, 0x0000000100000000)
  eden space 372224K, 100% used [0x00000000d5580000,0x00000000ec100000,0x00000000ec100000)
  from space 38400K, 20% used [0x00000000ef680000,0x00000000efe34cd8,0x00000000f1c00000)
  to   space 46592K, 0% used [0x00000000ec100000,0x00000000ec100000,0x00000000eee80000)
 ParOldGen       total 139264K, used 113062K [0x0000000080000000, 0x0000000088800000, 0x00000000d5580000)
  object space 139264K, 81% used [0x0000000080000000,0x0000000086e69a18,0x0000000088800000)
 Metaspace       used 105657K, capacity 110895K, committed 110976K, reserved 1146880K
  class space    used 11144K, capacity 12608K, committed 12672K, reserved 1048576K
Event: 8155.106 GC heap after
Heap after GC invocations=32 (full 5):
 PSYoungGen      total 418816K, used 10996K [0x00000000d5580000, 0x00000000f3400000, 0x0000000100000000)
  eden space 372224K, 0% used [0x00000000d5580000,0x00000000d5580000,0x00000000ec100000)
  from space 46592K, 23% used [0x00000000ec100000,0x00000000ecbbd330,0x00000000eee80000)
  to   space 44032K, 0% used [0x00000000f0900000,0x00000000f0900000,0x00000000f3400000)
 ParOldGen       total 139264K, used 113070K [0x0000000080000000, 0x0000000088800000, 0x00000000d5580000)
  object space 139264K, 81% used [0x0000000080000000,0x0000000086e6ba18,0x0000000088800000)
 Metaspace       used 105657K, capacity 110895K, committed 110976K, reserved 1146880K
  class space    used 11144K, capacity 12608K, committed 12672K, reserved 1048576K
}
Event: 8155.203 GC heap before
{Heap before GC invocations=33 (full 5):
 PSYoungGen      total 418816K, used 383220K [0x00000000d5580000, 0x00000000f3400000, 0x0000000100000000)
  eden space 372224K, 100% used [0x00000000d5580000,0x00000000ec100000,0x00000000ec100000)
  from space 46592K, 23% used [0x00000000ec100000,0x00000000ecbbd330,0x00000000eee80000)
  to   space 44032K, 0% used [0x00000000f0900000,0x00000000f0900000,0x00000000f3400000)
 ParOldGen       total 139264K, used 113070K [0x0000000080000000, 0x0000000088800000, 0x00000000d5580000)
  object space 139264K, 81% used [0x0000000080000000,0x0000000086e6ba18,0x0000000088800000)
 Metaspace       used 105657K, capacity 110895K, committed 110976K, reserved 1146880K
  class space    used 11144K, capacity 12608K, committed 12672K, reserved 1048576K
Event: 8155.214 GC heap after
Heap after GC invocations=33 (full 5):
 PSYoungGen      total 448000K, used 11087K [0x00000000d5580000, 0x00000000f4580000, 0x0000000100000000)
  eden space 403968K, 0% used [0x00000000d5580000,0x00000000d5580000,0x00000000ee000000)
  from space 44032K, 25% used [0x00000000f0900000,0x00000000f13d3cd8,0x00000000f3400000)
  to   space 41984K, 0% used [0x00000000ee000000,0x00000000ee000000,0x00000000f0900000)
 ParOldGen       total 139264K, used 113078K [0x0000000080000000, 0x0000000088800000, 0x00000000d5580000)
  object space 139264K, 81% used [0x0000000080000000,0x0000000086e6da18,0x0000000088800000)
 Metaspace       used 105657K, capacity 110895K, committed 110976K, reserved 1146880K
  class space    used 11144K, capacity 12608K, committed 12672K, reserved 1048576K
}
Event: 8156.532 GC heap before
{Heap before GC invocations=34 (full 5):
 PSYoungGen      total 448000K, used 415055K [0x00000000d5580000, 0x00000000f4580000, 0x0000000100000000)
  eden space 403968K, 100% used [0x00000000d5580000,0x00000000ee000000,0x00000000ee000000)
  from space 44032K, 25% used [0x00000000f0900000,0x00000000f13d3cd8,0x00000000f3400000)
  to   space 41984K, 0% used [0x00000000ee000000,0x00000000ee000000,0x00000000f0900000)
 ParOldGen       total 139264K, used 113078K [0x0000000080000000, 0x0000000088800000, 0x00000000d5580000)
  object space 139264K, 81% used [0x0000000080000000,0x0000000086e6da18,0x0000000088800000)
 Metaspace       used 108440K, capacity 113883K, committed 114176K, reserved 1150976K
  class space    used 11522K, capacity 12998K, committed 13056K, reserved 1048576K
Event: 8156.542 GC heap after
Heap after GC invocations=34 (full 5):
 PSYoungGen      total 445952K, used 13465K [0x00000000d5580000, 0x00000000f5d00000, 0x0000000100000000)
  eden space 403968K, 0% used [0x00000000d5580000,0x00000000d5580000,0x00000000ee000000)
  from space 41984K, 32% used [0x00000000ee000000,0x00000000eed26450,0x00000000f0900000)
  to   space 39424K, 0% used [0x00000000f3680000,0x00000000f3680000,0x00000000f5d00000)
 ParOldGen       total 139264K, used 113086K [0x0000000080000000, 0x0000000088800000, 0x00000000d5580000)
  object space 139264K, 81% used [0x0000000080000000,0x0000000086e6fa18,0x0000000088800000)
 Metaspace       used 108440K, capacity 113883K, committed 114176K, reserved 1150976K
  class space    used 11522K, capacity 12998K, committed 13056K, reserved 1048576K
}
Event: 8156.624 GC heap before
{Heap before GC invocations=35 (full 5):
 PSYoungGen      total 445952K, used 417433K [0x00000000d5580000, 0x00000000f5d00000, 0x0000000100000000)
  eden space 403968K, 100% used [0x00000000d5580000,0x00000000ee000000,0x00000000ee000000)
  from space 41984K, 32% used [0x00000000ee000000,0x00000000eed26450,0x00000000f0900000)
  to   space 39424K, 0% used [0x00000000f3680000,0x00000000f3680000,0x00000000f5d00000)
 ParOldGen       total 139264K, used 113086K [0x0000000080000000, 0x0000000088800000, 0x00000000d5580000)
  object space 139264K, 81% used [0x0000000080000000,0x0000000086e6fa18,0x0000000088800000)
 Metaspace       used 108443K, capacity 113883K, committed 114176K, reserved 1150976K
  class space    used 11522K, capacity 12998K, committed 13056K, reserved 1048576K
Event: 8156.633 GC heap after
Heap after GC invocations=35 (full 5):
 PSYoungGen      total 494592K, used 11825K [0x00000000d5580000, 0x00000000f6580000, 0x0000000100000000)
  eden space 455168K, 0% used [0x00000000d5580000,0x00000000d5580000,0x00000000f1200000)
  from space 39424K, 29% used [0x00000000f3680000,0x00000000f420c7e0,0x00000000f5d00000)
  to   space 37376K, 0% used [0x00000000f1200000,0x00000000f1200000,0x00000000f3680000)
 ParOldGen       total 139264K, used 113086K [0x0000000080000000, 0x0000000088800000, 0x00000000d5580000)
  object space 139264K, 81% used [0x0000000080000000,0x0000000086e6fa18,0x0000000088800000)
 Metaspace       used 108443K, capacity 113883K, committed 114176K, reserved 1150976K
  class space    used 11522K, capacity 12998K, committed 13056K, reserved 1048576K
}
Event: 8166.093 GC heap before
{Heap before GC invocations=36 (full 5):
 PSYoungGen      total 494592K, used 466993K [0x00000000d5580000, 0x00000000f6580000, 0x0000000100000000)
  eden space 455168K, 100% used [0x00000000d5580000,0x00000000f1200000,0x00000000f1200000)
  from space 39424K, 29% used [0x00000000f3680000,0x00000000f420c7e0,0x00000000f5d00000)
  to   space 37376K, 0% used [0x00000000f1200000,0x00000000f1200000,0x00000000f3680000)
 ParOldGen       total 139264K, used 113086K [0x0000000080000000, 0x0000000088800000, 0x00000000d5580000)
  object space 139264K, 81% used [0x0000000080000000,0x0000000086e6fa18,0x0000000088800000)
 Metaspace       used 108969K, capacity 114429K, committed 114560K, reserved 1150976K
  class space    used 11597K, capacity 13083K, committed 13184K, reserved 1048576K
Event: 8166.101 GC heap after
Heap after GC invocations=36 (full 5):
 PSYoungGen      total 492544K, used 10549K [0x00000000d5580000, 0x00000000f9300000, 0x0000000100000000)
  eden space 455168K, 0% used [0x00000000d5580000,0x00000000d5580000,0x00000000f1200000)
  from space 37376K, 28% used [0x00000000f1200000,0x00000000f1c4d738,0x00000000f3680000)
  to   space 35840K, 0% used [0x00000000f7000000,0x00000000f7000000,0x00000000f9300000)
 ParOldGen       total 139264K, used 115930K [0x0000000080000000, 0x0000000088800000, 0x00000000d5580000)
  object space 139264K, 83% used [0x0000000080000000,0x0000000087136b48,0x0000000088800000)
 Metaspace       used 108969K, capacity 114429K, committed 114560K, reserved 1150976K
  class space    used 11597K, capacity 13083K, committed 13184K, reserved 1048576K
}

